<?xml version="1.0" encoding="UTF-8"?>
<coverage generated="1672223879310" clover="3.2.0">
  <project timestamp="1672223879310" name="All files">
    <metrics statements="40" coveredstatements="40" conditionals="23" coveredconditionals="23" methods="12" coveredmethods="12" elements="75" coveredelements="75" complexity="0" loc="40" ncloc="40" packages="1" files="1" classes="1"/>
    <file name="marsRover.ts" path="/home/benjamin/Code/learning/introduction-tdd/src/marsRover.ts">
      <metrics statements="40" coveredstatements="40" conditionals="23" coveredconditionals="23" methods="12" coveredmethods="12"/>
      <line num="1" count="1" type="stmt"/>
      <line num="2" count="1" type="stmt"/>
      <line num="3" count="1" type="stmt"/>
      <line num="5" count="1" type="stmt"/>
      <line num="7" count="1" type="stmt"/>
      <line num="8" count="19" type="stmt"/>
      <line num="11" count="39" type="stmt"/>
      <line num="12" count="39" type="stmt"/>
      <line num="14" count="39" type="cond" truecount="1" falsecount="0"/>
      <line num="15" count="39" type="cond" truecount="1" falsecount="0"/>
      <line num="16" count="39" type="cond" truecount="3" falsecount="0"/>
      <line num="17" count="39" type="cond" truecount="3" falsecount="0"/>
      <line num="19" count="39" type="stmt"/>
      <line num="20" count="38" type="stmt"/>
      <line num="24" count="39" type="cond" truecount="1" falsecount="0"/>
      <line num="25" count="1" type="cond" truecount="6" falsecount="0"/>
      <line num="27" count="1" type="stmt"/>
      <line num="31" count="1" type="stmt"/>
      <line num="32" count="58" type="stmt"/>
      <line num="35" count="19" type="stmt"/>
      <line num="39" count="1" type="stmt"/>
      <line num="40" count="19" type="stmt"/>
      <line num="43" count="175" type="stmt"/>
      <line num="47" count="17" type="stmt"/>
      <line num="48" count="17" type="cond" truecount="1" falsecount="0"/>
      <line num="52" count="13" type="stmt"/>
      <line num="53" count="13" type="cond" truecount="1" falsecount="0"/>
      <line num="57" count="1" type="stmt"/>
      <line num="58" count="19" type="stmt"/>
      <line num="59" count="19" type="stmt"/>
      <line num="63" count="19" type="cond" truecount="2" falsecount="0"/>
      <line num="67" count="19" type="stmt"/>
      <line num="68" count="69" type="cond" truecount="1" falsecount="0"/>
      <line num="69" count="69" type="cond" truecount="1" falsecount="0"/>
      <line num="70" count="69" type="cond" truecount="1" falsecount="0"/>
      <line num="71" count="39" type="stmt"/>
      <line num="72" count="39" type="stmt"/>
      <line num="74" count="1" type="cond" truecount="1" falsecount="0"/>
      <line num="75" count="1" type="stmt"/>
      <line num="81" count="18" type="stmt"/>
    </file>
  </project>
</coverage>
