{"/home/benjamin/Code/learning/introduction-tdd/src/marsRover.ts": {"path":"/home/benjamin/Code/learning/introduction-tdd/src/marsRover.ts","statementMap":{"0":{"start":{"line":1,"column":14},"end":{"line":1,"column":16}},"1":{"start":{"line":2,"column":14},"end":{"line":2,"column":16}},"2":{"start":{"line":3,"column":30},"end":{"line":3,"column":50}},"3":{"start":{"line":5,"column":34},"end":{"line":5,"column":54}},"4":{"start":{"line":8,"column":22},"end":{"line":8,"column":44}},"5":{"start":{"line":11,"column":12},"end":{"line":11,"column":22}},"6":{"start":{"line":12,"column":12},"end":{"line":12,"column":22}},"7":{"start":{"line":14,"column":4},"end":{"line":14,"column":58}},"8":{"start":{"line":14,"column":38},"end":{"line":14,"column":58}},"9":{"start":{"line":15,"column":4},"end":{"line":15,"column":58}},"10":{"start":{"line":15,"column":38},"end":{"line":15,"column":58}},"11":{"start":{"line":16,"column":4},"end":{"line":16,"column":70}},"12":{"start":{"line":16,"column":38},"end":{"line":16,"column":70}},"13":{"start":{"line":17,"column":4},"end":{"line":17,"column":70}},"14":{"start":{"line":17,"column":38},"end":{"line":17,"column":70}},"15":{"start":{"line":19,"column":4},"end":{"line":19,"column":50}},"16":{"start":{"line":20,"column":4},"end":{"line":20,"column":30}},"17":{"start":{"line":24,"column":4},"end":{"line":27,"column":45}},"18":{"start":{"line":25,"column":41},"end":{"line":25,"column":77}},"19":{"start":{"line":27,"column":6},"end":{"line":27,"column":45}},"20":{"start":{"line":7,"column":0},"end":{"line":7,"column":13}},"21":{"start":{"line":32,"column":21},"end":{"line":32,"column":30}},"22":{"start":{"line":32,"column":39},"end":{"line":32,"column":48}},"23":{"start":{"line":35,"column":4},"end":{"line":35,"column":33}},"24":{"start":{"line":31,"column":0},"end":{"line":31,"column":13}},"25":{"start":{"line":40,"column":10},"end":{"line":40,"column":23}},"26":{"start":{"line":43,"column":4},"end":{"line":43,"column":37}},"27":{"start":{"line":47,"column":4},"end":{"line":47,"column":20}},"28":{"start":{"line":48,"column":4},"end":{"line":48,"column":47}},"29":{"start":{"line":48,"column":29},"end":{"line":48,"column":47}},"30":{"start":{"line":52,"column":4},"end":{"line":52,"column":20}},"31":{"start":{"line":53,"column":4},"end":{"line":53,"column":48}},"32":{"start":{"line":53,"column":30},"end":{"line":53,"column":48}},"33":{"start":{"line":39,"column":0},"end":{"line":39,"column":13}},"34":{"start":{"line":58,"column":10},"end":{"line":58,"column":38}},"35":{"start":{"line":59,"column":10},"end":{"line":59,"column":40}},"36":{"start":{"line":63,"column":4},"end":{"line":63,"column":32}},"37":{"start":{"line":67,"column":4},"end":{"line":79,"column":null}},"38":{"start":{"line":68,"column":6},"end":{"line":68,"column":56}},"39":{"start":{"line":68,"column":27},"end":{"line":68,"column":56}},"40":{"start":{"line":69,"column":6},"end":{"line":69,"column":55}},"41":{"start":{"line":69,"column":27},"end":{"line":69,"column":55}},"42":{"start":{"line":70,"column":6},"end":{"line":78,"column":null}},"43":{"start":{"line":71,"column":8},"end":{"line":77,"column":null}},"44":{"start":{"line":72,"column":10},"end":{"line":72,"column":75}},"45":{"start":{"line":74,"column":10},"end":{"line":76,"column":null}},"46":{"start":{"line":75,"column":12},"end":{"line":75,"column":66}},"47":{"start":{"line":81,"column":4},"end":{"line":81,"column":48}},"48":{"start":{"line":57,"column":0},"end":{"line":57,"column":13}}},"fnMap":{"0":{"name":"(anonymous_0)","decl":{"start":{"line":8,"column":2},"end":{"line":8,"column":22}},"loc":{"start":{"line":8,"column":44},"end":{"line":8,"column":48}}},"1":{"name":"(anonymous_1)","decl":{"start":{"line":10,"column":2},"end":{"line":10,"column":10}},"loc":{"start":{"line":10,"column":51},"end":{"line":21,"column":3}}},"2":{"name":"(anonymous_2)","decl":{"start":{"line":23,"column":10},"end":{"line":23,"column":44}},"loc":{"start":{"line":23,"column":65},"end":{"line":28,"column":3}}},"3":{"name":"(anonymous_3)","decl":{"start":{"line":25,"column":27},"end":{"line":25,"column":28}},"loc":{"start":{"line":25,"column":41},"end":{"line":25,"column":77}}},"4":{"name":"(anonymous_4)","decl":{"start":{"line":32,"column":2},"end":{"line":32,"column":21}},"loc":{"start":{"line":32,"column":48},"end":{"line":32,"column":52}}},"5":{"name":"(anonymous_5)","decl":{"start":{"line":34,"column":2},"end":{"line":34,"column":10}},"loc":{"start":{"line":34,"column":10},"end":{"line":36,"column":3}}},"6":{"name":"(anonymous_6)","decl":{"start":{"line":39,"column":0},"end":{"line":39,"column":13}},"loc":{"start":{"line":39,"column":0},"end":{"line":55,"column":1}}},"7":{"name":"(anonymous_7)","decl":{"start":{"line":42,"column":2},"end":{"line":42,"column":10}},"loc":{"start":{"line":42,"column":10},"end":{"line":44,"column":3}}},"8":{"name":"(anonymous_8)","decl":{"start":{"line":46,"column":2},"end":{"line":46,"column":13}},"loc":{"start":{"line":46,"column":13},"end":{"line":49,"column":3}}},"9":{"name":"(anonymous_9)","decl":{"start":{"line":51,"column":2},"end":{"line":51,"column":12}},"loc":{"start":{"line":51,"column":12},"end":{"line":54,"column":3}}},"10":{"name":"(anonymous_10)","decl":{"start":{"line":62,"column":2},"end":{"line":62,"column":14}},"loc":{"start":{"line":62,"column":23},"end":{"line":64,"column":3}}},"11":{"name":"(anonymous_11)","decl":{"start":{"line":66,"column":2},"end":{"line":66,"column":9}},"loc":{"start":{"line":66,"column":26},"end":{"line":82,"column":3}}}},"branchMap":{"0":{"loc":{"start":{"line":14,"column":4},"end":{"line":14,"column":58}},"type":"if","locations":[{"start":{"line":14,"column":4},"end":{"line":14,"column":58}}]},"1":{"loc":{"start":{"line":15,"column":4},"end":{"line":15,"column":58}},"type":"if","locations":[{"start":{"line":15,"column":4},"end":{"line":15,"column":58}}]},"2":{"loc":{"start":{"line":16,"column":4},"end":{"line":16,"column":70}},"type":"if","locations":[{"start":{"line":16,"column":4},"end":{"line":16,"column":70}}]},"3":{"loc":{"start":{"line":16,"column":42},"end":{"line":16,"column":69}},"type":"cond-expr","locations":[{"start":{"line":16,"column":52},"end":{"line":16,"column":61}},{"start":{"line":16,"column":64},"end":{"line":16,"column":69}}]},"4":{"loc":{"start":{"line":17,"column":4},"end":{"line":17,"column":70}},"type":"if","locations":[{"start":{"line":17,"column":4},"end":{"line":17,"column":70}}]},"5":{"loc":{"start":{"line":17,"column":42},"end":{"line":17,"column":69}},"type":"cond-expr","locations":[{"start":{"line":17,"column":52},"end":{"line":17,"column":61}},{"start":{"line":17,"column":64},"end":{"line":17,"column":69}}]},"6":{"loc":{"start":{"line":24,"column":4},"end":{"line":27,"column":45}},"type":"if","locations":[{"start":{"line":24,"column":4},"end":{"line":27,"column":45}}]},"7":{"loc":{"start":{"line":25,"column":6},"end":{"line":25,"column":78}},"type":"cond-expr","locations":[{"start":{"line":25,"column":20},"end":{"line":25,"column":22}},{"start":{"line":25,"column":20},"end":{"line":25,"column":78}}]},"8":{"loc":{"start":{"line":25,"column":6},"end":{"line":25,"column":22}},"type":"binary-expr","locations":[{"start":{"line":25,"column":6},"end":{"line":25,"column":22}},{"start":{"line":25,"column":20},"end":{"line":25,"column":22}}]},"9":{"loc":{"start":{"line":25,"column":41},"end":{"line":25,"column":77}},"type":"binary-expr","locations":[{"start":{"line":25,"column":41},"end":{"line":25,"column":57}},{"start":{"line":25,"column":61},"end":{"line":25,"column":77}}]},"10":{"loc":{"start":{"line":48,"column":4},"end":{"line":48,"column":47}},"type":"if","locations":[{"start":{"line":48,"column":4},"end":{"line":48,"column":47}}]},"11":{"loc":{"start":{"line":53,"column":4},"end":{"line":53,"column":48}},"type":"if","locations":[{"start":{"line":53,"column":4},"end":{"line":53,"column":48}}]},"12":{"loc":{"start":{"line":63,"column":15},"end":{"line":63,"column":31}},"type":"binary-expr","locations":[{"start":{"line":63,"column":15},"end":{"line":63,"column":18}},{"start":{"line":63,"column":22},"end":{"line":63,"column":31}}]},"13":{"loc":{"start":{"line":68,"column":6},"end":{"line":68,"column":56}},"type":"if","locations":[{"start":{"line":68,"column":6},"end":{"line":68,"column":56}}]},"14":{"loc":{"start":{"line":69,"column":6},"end":{"line":69,"column":55}},"type":"if","locations":[{"start":{"line":69,"column":6},"end":{"line":69,"column":55}}]},"15":{"loc":{"start":{"line":70,"column":6},"end":{"line":78,"column":null}},"type":"if","locations":[{"start":{"line":70,"column":6},"end":{"line":78,"column":null}}]},"16":{"loc":{"start":{"line":74,"column":10},"end":{"line":76,"column":null}},"type":"if","locations":[{"start":{"line":74,"column":10},"end":{"line":76,"column":null}}]}},"s":{"0":1,"1":1,"2":1,"3":1,"4":19,"5":39,"6":39,"7":39,"8":18,"9":39,"10":14,"11":39,"12":3,"13":39,"14":4,"15":39,"16":38,"17":39,"18":1,"19":1,"20":1,"21":58,"22":58,"23":19,"24":1,"25":19,"26":175,"27":17,"28":17,"29":1,"30":13,"31":13,"32":6,"33":1,"34":19,"35":19,"36":19,"37":19,"38":69,"39":17,"40":69,"41":13,"42":69,"43":39,"44":39,"45":1,"46":1,"47":18,"48":1},"f":{"0":19,"1":39,"2":39,"3":1,"4":58,"5":19,"6":19,"7":175,"8":17,"9":13,"10":19,"11":19},"b":{"0":[18],"1":[14],"2":[3],"3":[1,2],"4":[4],"5":[1,3],"6":[1],"7":[38,1],"8":[39,39],"9":[1,1],"10":[1],"11":[6],"12":[19,18],"13":[17],"14":[13],"15":[39],"16":[1]}}
}
