{"/home/benjamin/Code/learning/introduction-tdd/src/greeting.ts": {"path":"/home/benjamin/Code/learning/introduction-tdd/src/greeting.ts","statementMap":{"0":{"start":{"line":2,"column":16},"end":{"line":2,"column":37}},"1":{"start":{"line":3,"column":2},"end":{"line":3,"column":55}},"2":{"start":{"line":3,"column":32},"end":{"line":3,"column":55}},"3":{"start":{"line":4,"column":2},"end":{"line":4,"column":58}},"4":{"start":{"line":4,"column":33},"end":{"line":4,"column":58}},"5":{"start":{"line":5,"column":2},"end":{"line":5,"column":56}},"6":{"start":{"line":5,"column":33},"end":{"line":5,"column":56}},"7":{"start":{"line":6,"column":2},"end":{"line":6,"column":53}},"8":{"start":{"line":6,"column":32},"end":{"line":6,"column":53}},"9":{"start":{"line":7,"column":2},"end":{"line":7,"column":null}},"10":{"start":{"line":1,"column":0},"end":{"line":1,"column":16}}},"fnMap":{"0":{"name":"greeting","decl":{"start":{"line":1,"column":16},"end":{"line":1,"column":24}},"loc":{"start":{"line":1,"column":24},"end":{"line":8,"column":1}}}},"branchMap":{"0":{"loc":{"start":{"line":3,"column":2},"end":{"line":3,"column":55}},"type":"if","locations":[{"start":{"line":3,"column":2},"end":{"line":3,"column":55}}]},"1":{"loc":{"start":{"line":3,"column":6},"end":{"line":3,"column":30}},"type":"binary-expr","locations":[{"start":{"line":3,"column":6},"end":{"line":3,"column":16}},{"start":{"line":3,"column":20},"end":{"line":3,"column":30}}]},"2":{"loc":{"start":{"line":4,"column":2},"end":{"line":4,"column":58}},"type":"if","locations":[{"start":{"line":4,"column":2},"end":{"line":4,"column":58}}]},"3":{"loc":{"start":{"line":4,"column":6},"end":{"line":4,"column":31}},"type":"binary-expr","locations":[{"start":{"line":4,"column":6},"end":{"line":4,"column":17}},{"start":{"line":4,"column":21},"end":{"line":4,"column":31}}]},"4":{"loc":{"start":{"line":5,"column":2},"end":{"line":5,"column":56}},"type":"if","locations":[{"start":{"line":5,"column":2},"end":{"line":5,"column":56}}]},"5":{"loc":{"start":{"line":5,"column":6},"end":{"line":5,"column":31}},"type":"binary-expr","locations":[{"start":{"line":5,"column":6},"end":{"line":5,"column":17}},{"start":{"line":5,"column":21},"end":{"line":5,"column":31}}]},"6":{"loc":{"start":{"line":6,"column":2},"end":{"line":6,"column":53}},"type":"if","locations":[{"start":{"line":6,"column":2},"end":{"line":6,"column":53}}]},"7":{"loc":{"start":{"line":6,"column":6},"end":{"line":6,"column":30}},"type":"binary-expr","locations":[{"start":{"line":6,"column":6},"end":{"line":6,"column":17}},{"start":{"line":6,"column":21},"end":{"line":6,"column":30}}]}},"s":{"0":6,"1":6,"2":1,"3":5,"4":1,"5":4,"6":1,"7":3,"8":2,"9":1,"10":1},"f":{"0":6},"b":{"0":[1],"1":[6,4],"2":[1],"3":[5,3],"4":[1],"5":[4,2],"6":[2],"7":[3,2]}}
}
