TN:
SF:src/marsRover.ts
FN:8,(anonymous_0)
FN:10,(anonymous_1)
FN:23,(anonymous_2)
FN:25,(anonymous_3)
FN:32,(anonymous_4)
FN:34,(anonymous_5)
FN:39,(anonymous_6)
FN:42,(anonymous_7)
FN:46,(anonymous_8)
FN:51,(anonymous_9)
FN:62,(anonymous_10)
FN:66,(anonymous_11)
FNF:12
FNH:12
FNDA:19,(anonymous_0)
FNDA:39,(anonymous_1)
FNDA:39,(anonymous_2)
FNDA:1,(anonymous_3)
FNDA:58,(anonymous_4)
FNDA:19,(anonymous_5)
FNDA:19,(anonymous_6)
FNDA:175,(anonymous_7)
FNDA:17,(anonymous_8)
FNDA:13,(anonymous_9)
FNDA:19,(anonymous_10)
FNDA:19,(anonymous_11)
DA:1,1
DA:2,1
DA:3,1
DA:5,1
DA:7,1
DA:8,19
DA:11,39
DA:12,39
DA:14,39
DA:15,39
DA:16,39
DA:17,39
DA:19,39
DA:20,38
DA:24,39
DA:25,1
DA:27,1
DA:31,1
DA:32,58
DA:35,19
DA:39,1
DA:40,19
DA:43,175
DA:47,17
DA:48,17
DA:52,13
DA:53,13
DA:57,1
DA:58,19
DA:59,19
DA:63,19
DA:67,19
DA:68,69
DA:69,69
DA:70,69
DA:71,39
DA:72,39
DA:74,1
DA:75,1
DA:81,18
LF:40
LH:40
BRDA:14,0,0,18
BRDA:15,1,0,14
BRDA:16,2,0,3
BRDA:16,3,0,1
BRDA:16,3,1,2
BRDA:17,4,0,4
BRDA:17,5,0,1
BRDA:17,5,1,3
BRDA:24,6,0,1
BRDA:25,7,0,38
BRDA:25,7,1,1
BRDA:25,8,0,39
BRDA:25,8,1,39
BRDA:25,9,0,1
BRDA:25,9,1,1
BRDA:48,10,0,1
BRDA:53,11,0,6
BRDA:63,12,0,19
BRDA:63,12,1,18
BRDA:68,13,0,17
BRDA:69,14,0,13
BRDA:70,15,0,39
BRDA:74,16,0,1
BRF:23
BRH:23
end_of_record
