TN:
SF:src/bank.ts
FN:13,(anonymous_0)
FN:19,(anonymous_1)
FN:36,(anonymous_2)
FN:38,(anonymous_3)
FN:44,(anonymous_4)
FN:50,(anonymous_5)
FN:58,(anonymous_6)
FN:61,(anonymous_7)
FN:65,(anonymous_8)
FNF:9
FNH:9
FNDA:9,(anonymous_0)
FNDA:4,(anonymous_1)
FNDA:4,(anonymous_2)
FNDA:2,(anonymous_3)
FNDA:2,(anonymous_4)
FNDA:4,(anonymous_5)
FNDA:1,(anonymous_6)
FNDA:1,(anonymous_7)
FNDA:1,(anonymous_8)
DA:12,1
DA:14,9
DA:15,9
DA:16,9
DA:20,4
DA:21,4
DA:22,4
DA:33,1
DA:34,4
DA:36,4
DA:39,2
DA:40,2
DA:41,2
DA:45,2
DA:46,2
DA:47,2
DA:51,4
DA:52,4
DA:53,4
DA:58,1
DA:59,1
DA:62,1
DA:66,1
LF:23
LH:23
BRDA:23,0,0,2
BRDA:23,0,1,2
BRDA:24,1,0,3
BRDA:24,1,1,1
BRDA:26,2,0,2
BRDA:26,2,1,2
BRF:6
BRH:6
end_of_record
